Using pre-set license
Built from '2020.3/staging' branch; Version is '2020.3.33f1 (915a7af8b0d5) revision 9525882'; Using compiler version '192528614'; Build Type 'Release'
OS: 'Windows 11  (10.0.22000) 64bit Core' Language: 'ko' Physical Memory: 7580 MB
BatchMode: 1, IsHumanControllingUs: 0, StartBugReporterOnCrash: 0, Is64bit: 1, IsPro: 0

COMMAND LINE ARGUMENTS:
C:\Program Files\Unity\Hub\Editor\2020.3.33f1\Editor\Unity.exe
-adb2
-batchMode
-noUpm
-name
AssetImportWorker0
-projectPath
C:/DDE_WorkSpace/Holpang_Timer/Holpang_Timer
-logFile
Logs/AssetImportWorker0.log
-srvPort
65502
Successfully changed project path to: C:/DDE_WorkSpace/Holpang_Timer/Holpang_Timer
C:/DDE_WorkSpace/Holpang_Timer/Holpang_Timer
Using Asset Import Pipeline V2.
Refreshing native plugins compatible for Editor in 47.45 ms, found 2 plugins.
Preloading 0 native plugins for Editor in 0.00 ms.
Initialize engine version: 2020.3.33f1 (915a7af8b0d5)
[Subsystems] Discovering subsystems at path C:/Program Files/Unity/Hub/Editor/2020.3.33f1/Editor/Data/Resources/UnitySubsystems
[Subsystems] Discovering subsystems at path C:/DDE_WorkSpace/Holpang_Timer/Holpang_Timer/Assets
GfxDevice: creating device client; threaded=0
Direct3D:
    Version:  Direct3D 11.0 [level 11.1]
    Renderer: AMD Radeon(TM) Graphics (ID=0x164c)
    Vendor:   
    VRAM:     3790 MB
    Driver:   30.0.13044.10001
Initialize mono
Mono path[0] = 'C:/Program Files/Unity/Hub/Editor/2020.3.33f1/Editor/Data/Managed'
Mono path[1] = 'C:/Program Files/Unity/Hub/Editor/2020.3.33f1/Editor/Data/MonoBleedingEdge/lib/mono/unityjit'
Mono config path = 'C:/Program Files/Unity/Hub/Editor/2020.3.33f1/Editor/Data/MonoBleedingEdge/etc'
Using monoOptions --debugger-agent=transport=dt_socket,embedding=1,server=y,suspend=n,address=127.0.0.1:56768
Begin MonoManager ReloadAssembly
Registering precompiled unity dll's ...
Register platform support module: C:/Program Files/Unity/Hub/Editor/2020.3.33f1/Editor/Data/PlaybackEngines/WindowsStandaloneSupport/UnityEditor.WindowsStandalone.Extensions.dll
Registered in 0.014471 seconds.
Native extension for WindowsStandalone target not found
Refreshing native plugins compatible for Editor in 36.27 ms, found 2 plugins.
Preloading 0 native plugins for Editor in 0.00 ms.
Mono: successfully reloaded assembly
- Completed reload, in  0.785 seconds
Domain Reload Profiling:
	ReloadAssembly (785ms)
		BeginReloadAssembly (146ms)
			ExecutionOrderSort (0ms)
			DisableScriptedObjects (0ms)
			BackupInstance (0ms)
			ReleaseScriptingObjects (0ms)
			CreateAndSetChildDomain (1ms)
		EndReloadAssembly (529ms)
			LoadAssemblies (140ms)
			RebuildTransferFunctionScriptingTraits (0ms)
			SetupTypeCache (180ms)
			ReleaseScriptCaches (0ms)
			RebuildScriptCaches (33ms)
			SetupLoadedEditorAssemblies (184ms)
				LogAssemblyErrors (0ms)
				InitializePlatformSupportModulesInManaged (5ms)
				SetLoadedEditorAssemblies (0ms)
				RefreshPlugins (36ms)
				BeforeProcessingInitializeOnLoad (13ms)
				ProcessInitializeOnLoadAttributes (88ms)
				ProcessInitializeOnLoadMethodAttributes (41ms)
				AfterProcessingInitializeOnLoad (0ms)
				EditorAssembliesLoaded (0ms)
			ExecutionOrderSort2 (0ms)
			AwakeInstancesAfterBackupRestoration (0ms)
Platform modules already initialized, skipping
Registering precompiled user dll's ...
Registered in 0.007512 seconds.
Begin MonoManager ReloadAssembly
Symbol file LoadedFromMemory doesn't match image C:\DDE_WorkSpace\Holpang_Timer\Holpang_Timer\Library\PackageCache\com.unity.collab-proxy@1.15.15\Lib\Editor\PlasticSCM\unityplastic.dll
Native extension for WindowsStandalone target not found
Refreshing native plugins compatible for Editor in 0.39 ms, found 2 plugins.
Preloading 0 native plugins for Editor in 0.00 ms.
Mono: successfully reloaded assembly
- Completed reload, in  1.174 seconds
Domain Reload Profiling:
	ReloadAssembly (1175ms)
		BeginReloadAssembly (178ms)
			ExecutionOrderSort (0ms)
			DisableScriptedObjects (5ms)
			BackupInstance (0ms)
			ReleaseScriptingObjects (0ms)
			CreateAndSetChildDomain (22ms)
		EndReloadAssembly (926ms)
			LoadAssemblies (155ms)
			RebuildTransferFunctionScriptingTraits (0ms)
			SetupTypeCache (288ms)
			ReleaseScriptCaches (0ms)
			RebuildScriptCaches (46ms)
			SetupLoadedEditorAssemblies (352ms)
				LogAssemblyErrors (0ms)
				InitializePlatformSupportModulesInManaged (5ms)
				SetLoadedEditorAssemblies (1ms)
				RefreshPlugins (0ms)
				BeforeProcessingInitializeOnLoad (107ms)
				ProcessInitializeOnLoadAttributes (215ms)
				ProcessInitializeOnLoadMethodAttributes (12ms)
				AfterProcessingInitializeOnLoad (11ms)
				EditorAssembliesLoaded (0ms)
			ExecutionOrderSort2 (0ms)
			AwakeInstancesAfterBackupRestoration (6ms)
Platform modules already initialized, skipping
========================================================================
Worker process is ready to serve import requests
Launched and connected shader compiler UnityShaderCompiler.exe after 0.07 seconds
Refreshing native plugins compatible for Editor in 0.38 ms, found 2 plugins.
Preloading 0 native plugins for Editor in 0.00 ms.
Unloading 1508 Unused Serialized files (Serialized files now loaded: 0)
System memory in use before: 68.6 MB.
System memory in use after: 68.7 MB.

Unloading 16 unused Assets to reduce memory usage. Loaded Objects now: 1945.
Total: 4.582300 ms (FindLiveObjects: 0.163500 ms CreateObjectMapping: 0.040600 ms MarkObjects: 4.281700 ms  DeleteObjects: 0.095200 ms)

AssetImportParameters requested are different than current active one (requested -> active):
  custom:framework-win-MediaFoundation: 216162199b28c13a410421893ffa2e32 -> 
  custom:video-decoder-ogg-theora: a1e56fd34408186e4bbccfd4996cb3dc -> 
  custom:container-muxer-webm: aa71ff27fc2769a1b78a27578f13a17b -> 
  custom:container-demuxer-webm: 4f35f7cbe854078d1ac9338744f61a02 -> 
  custom:container-demuxer-ogg: 62fdf1f143b41e24485cea50d1cbac27 -> 
  custom:video-encoder-webm-vp8: eb34c28f22e8b96e1ab97ce403110664 -> 
  custom:video-decoder-webm-vp8: 9c59270c3fd7afecdb556c50c9e8de78 -> 
  custom:audio-decoder-ogg-vorbis: bf7c407c2cedff20999df2af8eb42d56 -> 
  custom:audio-encoder-webm-vorbis: bf7c407c2cedff20999df2af8eb42d56 -> 
========================================================================
Received Import Request.
  path: Assets/Scenes
  artifactKey: Guid(05a856274bdbfec4d8d31ba4d2269749) Importer(815301076,1909f56bfc062723c751e8b465ee728b)
Start importing Assets/Scenes using Guid(05a856274bdbfec4d8d31ba4d2269749) Importer(815301076,1909f56bfc062723c751e8b465ee728b)  -> (artifact id: 'b5e140be51fb01c916717b540523045a') in 0.013262 seconds 
========================================================================
Received Import Request.
  Time since last request: 4.956609 seconds.
  path: Assets/Scenes/TimerScene.unity
  artifactKey: Guid(2fcf05c2da85f2d4883afdaff07e682b) Importer(815301076,1909f56bfc062723c751e8b465ee728b)
Start importing Assets/Scenes/TimerScene.unity using Guid(2fcf05c2da85f2d4883afdaff07e682b) Importer(815301076,1909f56bfc062723c751e8b465ee728b)  -> (artifact id: '6bc562102d975ad7a5f6ed6858e96959') in 0.009914 seconds 
========================================================================
Received Import Request.
  Time since last request: 138.042296 seconds.
  path: Assets/Scenes/pngtree-black-pattern-hexagon-background-design-image-vector-image_767784.jpg
  artifactKey: Guid(6c52ab858fd49c44e853ed0e12cbfe70) Importer(815301076,1909f56bfc062723c751e8b465ee728b)
Start importing Assets/Scenes/pngtree-black-pattern-hexagon-background-design-image-vector-image_767784.jpg using Guid(6c52ab858fd49c44e853ed0e12cbfe70) Importer(815301076,1909f56bfc062723c751e8b465ee728b)  -> (artifact id: '61b34f4273e514852e1df7c4e322381e') in 0.110898 seconds 
========================================================================
Received Import Request.
  Time since last request: 4.204156 seconds.
  path: Assets/Scenes/pngtree-black-pattern-hexagon-background-design-image-vector-image_767784.jpg
  artifactKey: Guid(6c52ab858fd49c44e853ed0e12cbfe70) Importer(815301076,1909f56bfc062723c751e8b465ee728b)
Start importing Assets/Scenes/pngtree-black-pattern-hexagon-background-design-image-vector-image_767784.jpg using Guid(6c52ab858fd49c44e853ed0e12cbfe70) Importer(815301076,1909f56bfc062723c751e8b465ee728b)  -> (artifact id: 'ba55cf2553d82ebfd24b2cdb3dc14a98') in 0.073715 seconds 
========================================================================
Received Import Request.
  Time since last request: 177.711236 seconds.
  path: Assets/Scenes/impact.ttf
  artifactKey: Guid(ac75bb6eec7546448b4adae4bc122b27) Importer(815301076,1909f56bfc062723c751e8b465ee728b)
Start importing Assets/Scenes/impact.ttf using Guid(ac75bb6eec7546448b4adae4bc122b27) Importer(815301076,1909f56bfc062723c751e8b465ee728b)  -> (artifact id: '891cbd19d486aca769ab67d598666d2f') in 0.100949 seconds 
========================================================================
Received Prepare
Registering precompiled user dll's ...
Registered in 0.006032 seconds.
Begin MonoManager ReloadAssembly
Symbol file LoadedFromMemory doesn't match image C:\DDE_WorkSpace\Holpang_Timer\Holpang_Timer\Library\PackageCache\com.unity.collab-proxy@1.15.15\Lib\Editor\PlasticSCM\unityplastic.dll
Native extension for WindowsStandalone target not found
Refreshing native plugins compatible for Editor in 0.39 ms, found 2 plugins.
Preloading 0 native plugins for Editor in 0.00 ms.
Mono: successfully reloaded assembly
- Completed reload, in  1.176 seconds
Domain Reload Profiling:
	ReloadAssembly (1177ms)
		BeginReloadAssembly (152ms)
			ExecutionOrderSort (0ms)
			DisableScriptedObjects (4ms)
			BackupInstance (0ms)
			ReleaseScriptingObjects (0ms)
			CreateAndSetChildDomain (36ms)
		EndReloadAssembly (941ms)
			LoadAssemblies (143ms)
			RebuildTransferFunctionScriptingTraits (0ms)
			SetupTypeCache (294ms)
			ReleaseScriptCaches (1ms)
			RebuildScriptCaches (42ms)
			SetupLoadedEditorAssemblies (362ms)
				LogAssemblyErrors (0ms)
				InitializePlatformSupportModulesInManaged (6ms)
				SetLoadedEditorAssemblies (1ms)
				RefreshPlugins (1ms)
				BeforeProcessingInitializeOnLoad (103ms)
				ProcessInitializeOnLoadAttributes (231ms)
				ProcessInitializeOnLoadMethodAttributes (11ms)
				AfterProcessingInitializeOnLoad (10ms)
				EditorAssembliesLoaded (0ms)
			ExecutionOrderSort2 (0ms)
			AwakeInstancesAfterBackupRestoration (9ms)
Platform modules already initialized, skipping
Switching build target platform(19) subTarget(0) extendedPlatform(0) -> platform(13) subTarget(537395200) extendedPlatform(0)
Refreshing native plugins compatible for Editor in 0.39 ms, found 2 plugins.
Preloading 0 native plugins for Editor in 0.00 ms.
Unloading 1506 Unused Serialized files (Serialized files now loaded: 0)
System memory in use before: 71.9 MB.
System memory in use after: 72.0 MB.

Unloading 11 unused Assets to reduce memory usage. Loaded Objects now: 1996.
Total: 3.368300 ms (FindLiveObjects: 0.253600 ms CreateObjectMapping: 0.075600 ms MarkObjects: 3.007500 ms  DeleteObjects: 0.030200 ms)

AssetImportParameters requested are different than current active one (requested -> active):
  custom:framework-win-MediaFoundation: 216162199b28c13a410421893ffa2e32 -> 
  custom:video-decoder-ogg-theora: a1e56fd34408186e4bbccfd4996cb3dc -> 
  custom:container-muxer-webm: aa71ff27fc2769a1b78a27578f13a17b -> 
  custom:container-demuxer-webm: 4f35f7cbe854078d1ac9338744f61a02 -> 
  custom:container-demuxer-ogg: 62fdf1f143b41e24485cea50d1cbac27 -> 
  custom:video-encoder-webm-vp8: eb34c28f22e8b96e1ab97ce403110664 -> 
  custom:video-decoder-webm-vp8: 9c59270c3fd7afecdb556c50c9e8de78 -> 
  custom:graphics/normal-map-encoding: 01000000000000000000000000000000 -> 02000000000000000000000000000000
  custom:audio-decoder-ogg-vorbis: bf7c407c2cedff20999df2af8eb42d56 -> 
  custom:audio-encoder-webm-vorbis: bf7c407c2cedff20999df2af8eb42d56 -> 
========================================================================
Received Prepare
Refreshing native plugins compatible for Editor in 5.35 ms, found 2 plugins.
Preloading 0 native plugins for Editor in 0.00 ms.
Unloading 9 Unused Serialized files (Serialized files now loaded: 0)
System memory in use before: 42.1 MB.
System memory in use after: 42.3 MB.

Unloading 9 unused Assets to reduce memory usage. Loaded Objects now: 1996.
Total: 3.629300 ms (FindLiveObjects: 0.197300 ms CreateObjectMapping: 0.063000 ms MarkObjects: 3.345100 ms  DeleteObjects: 0.022900 ms)

AssetImportParameters requested are different than current active one (requested -> active):
  custom:framework-win-MediaFoundation: 216162199b28c13a410421893ffa2e32 -> 
  custom:video-decoder-ogg-theora: a1e56fd34408186e4bbccfd4996cb3dc -> 
  custom:container-muxer-webm: aa71ff27fc2769a1b78a27578f13a17b -> 
  custom:container-demuxer-webm: 4f35f7cbe854078d1ac9338744f61a02 -> 
  custom:container-demuxer-ogg: 62fdf1f143b41e24485cea50d1cbac27 -> 
  custom:video-encoder-webm-vp8: eb34c28f22e8b96e1ab97ce403110664 -> 
  custom:video-decoder-webm-vp8: 9c59270c3fd7afecdb556c50c9e8de78 -> 
  custom:audio-decoder-ogg-vorbis: bf7c407c2cedff20999df2af8eb42d56 -> 
  custom:audio-encoder-webm-vorbis: bf7c407c2cedff20999df2af8eb42d56 -> 
========================================================================
Received Import Request.
  Time since last request: 714.815222 seconds.
  path: Assets/stop.png
  artifactKey: Guid(7953eb2455356274190eb19038b37309) Importer(815301076,1909f56bfc062723c751e8b465ee728b)
Start importing Assets/stop.png using Guid(7953eb2455356274190eb19038b37309) Importer(815301076,1909f56bfc062723c751e8b465ee728b)  -> (artifact id: '7c686f689c9a78956bc75cce7512f151') in 0.056724 seconds 
========================================================================
Received Import Request.
  Time since last request: 0.895698 seconds.
  path: Assets/Rewind.png
  artifactKey: Guid(1fa63632bed7cc04689ec7d2651f65b3) Importer(815301076,1909f56bfc062723c751e8b465ee728b)
Start importing Assets/Rewind.png using Guid(1fa63632bed7cc04689ec7d2651f65b3) Importer(815301076,1909f56bfc062723c751e8b465ee728b)  -> (artifact id: 'a7d41452659ff13f5beaa0d0eb1060bb') in 0.019016 seconds 
========================================================================
Received Import Request.
  Time since last request: 4.186892 seconds.
  path: Assets/Rewind.png
  artifactKey: Guid(1fa63632bed7cc04689ec7d2651f65b3) Importer(815301076,1909f56bfc062723c751e8b465ee728b)
Start importing Assets/Rewind.png using Guid(1fa63632bed7cc04689ec7d2651f65b3) Importer(815301076,1909f56bfc062723c751e8b465ee728b)  -> (artifact id: 'c68455e95954562c2c2b25e030513825') in 0.037859 seconds 
========================================================================
Received Import Request.
  Time since last request: 2.752988 seconds.
  path: Assets/Foward.png
  artifactKey: Guid(e48ea9fbdbb6a6444b15b7e036434b10) Importer(815301076,1909f56bfc062723c751e8b465ee728b)
Start importing Assets/Foward.png using Guid(e48ea9fbdbb6a6444b15b7e036434b10) Importer(815301076,1909f56bfc062723c751e8b465ee728b)  -> (artifact id: '98ad6621a4cf2ef9b9a0fe3403a0bf8e') in 0.023125 seconds 
========================================================================
Received Import Request.
  Time since last request: 12.044030 seconds.
  path: Assets/stop.png
  artifactKey: Guid(7953eb2455356274190eb19038b37309) Importer(815301076,1909f56bfc062723c751e8b465ee728b)
Start importing Assets/stop.png using Guid(7953eb2455356274190eb19038b37309) Importer(815301076,1909f56bfc062723c751e8b465ee728b)  -> (artifact id: '00658d54ade53d65e242df45964e5f56') in 0.029854 seconds 
========================================================================
Received Import Request.
  Time since last request: 16.374877 seconds.
  path: Assets/Scenes/impact.ttf
  artifactKey: Guid(ac75bb6eec7546448b4adae4bc122b27) Importer(815301076,1909f56bfc062723c751e8b465ee728b)
Start importing Assets/Scenes/impact.ttf using Guid(ac75bb6eec7546448b4adae4bc122b27) Importer(815301076,1909f56bfc062723c751e8b465ee728b)  -> (artifact id: '56365a0b0e9ea7f433be248fd3b275b4') in 0.058178 seconds 
========================================================================
Received Import Request.
  Time since last request: 114.464183 seconds.
  path: Assets/circlegage.png
  artifactKey: Guid(00c05656b2521cc4fad017c0f7c4cc68) Importer(815301076,1909f56bfc062723c751e8b465ee728b)
Start importing Assets/circlegage.png using Guid(00c05656b2521cc4fad017c0f7c4cc68) Importer(815301076,1909f56bfc062723c751e8b465ee728b)  -> (artifact id: '5f6725c51a4a21a54c255df37c7c43f8') in 0.043558 seconds 
========================================================================
Received Import Request.
  Time since last request: 0.000468 seconds.
  path: Assets/group.png
  artifactKey: Guid(f634d903196d0804480e6ffd6e2171a3) Importer(815301076,1909f56bfc062723c751e8b465ee728b)
Start importing Assets/group.png using Guid(f634d903196d0804480e6ffd6e2171a3) Importer(815301076,1909f56bfc062723c751e8b465ee728b)  -> (artifact id: '8083f5269ac0cc9dddce112b1622d257') in 0.029852 seconds 
========================================================================
Received Import Request.
  Time since last request: 0.000862 seconds.
  path: Assets/play.png
  artifactKey: Guid(af172a245e7278c4784fdba5d1dee46d) Importer(815301076,1909f56bfc062723c751e8b465ee728b)
Start importing Assets/play.png using Guid(af172a245e7278c4784fdba5d1dee46d) Importer(815301076,1909f56bfc062723c751e8b465ee728b)  -> (artifact id: '431ed7af02e265d699236d8f0c770b37') in 0.026243 seconds 
========================================================================
Received Import Request.
  Time since last request: 0.000600 seconds.
  path: Assets/Scenes/pngtree-black-pattern-hexagon-background-design-image-vector-image_767784.jpg
  artifactKey: Guid(6c52ab858fd49c44e853ed0e12cbfe70) Importer(815301076,1909f56bfc062723c751e8b465ee728b)
Start importing Assets/Scenes/pngtree-black-pattern-hexagon-background-design-image-vector-image_767784.jpg using Guid(6c52ab858fd49c44e853ed0e12cbfe70) Importer(815301076,1909f56bfc062723c751e8b465ee728b)  -> (artifact id: 'ea0c129f1fdfee38c5e7eed510bd8c8e') in 0.037755 seconds 
========================================================================
Received Import Request.
  Time since last request: 0.000553 seconds.
  path: Assets/pause.png
  artifactKey: Guid(38a4bf3a34ee2bb4fa95ceb5287004c4) Importer(815301076,1909f56bfc062723c751e8b465ee728b)
Start importing Assets/pause.png using Guid(38a4bf3a34ee2bb4fa95ceb5287004c4) Importer(815301076,1909f56bfc062723c751e8b465ee728b)  -> (artifact id: 'd5195ecd6aab8cc70e27ce89a12a5abc') in 0.027636 seconds 
========================================================================
Received Import Request.
  Time since last request: 74.575990 seconds.
  path: Assets
  artifactKey: Guid(00000000000000001000000000000000) Importer(815301076,1909f56bfc062723c751e8b465ee728b)
Start importing Assets using Guid(00000000000000001000000000000000) Importer(815301076,1909f56bfc062723c751e8b465ee728b)  -> (artifact id: '42d402b061de3733987d63b9cc3b64de') in 0.014723 seconds 
========================================================================
Received Import Request.
  Time since last request: 13.140858 seconds.
  path: Assets/White.mat
  artifactKey: Guid(f24bae52decfd5143ac4196bf111414f) Importer(815301076,1909f56bfc062723c751e8b465ee728b)
Start importing Assets/White.mat using Guid(f24bae52decfd5143ac4196bf111414f) Importer(815301076,1909f56bfc062723c751e8b465ee728b)  -> (artifact id: 'a4bcebe10313d946483a9fcc440b2c8f') in 0.047146 seconds 
========================================================================
Received Import Request.
  Time since last request: 272.527455 seconds.
  path: Assets/Sprite
  artifactKey: Guid(43506e210b5ce88479a8d73dc4ce69f4) Importer(815301076,1909f56bfc062723c751e8b465ee728b)
Start importing Assets/Sprite using Guid(43506e210b5ce88479a8d73dc4ce69f4) Importer(815301076,1909f56bfc062723c751e8b465ee728b)  -> (artifact id: '09e71ea06808f3cd589d49dc5557779d') in 0.011541 seconds 
========================================================================
Received Import Request.
  Time since last request: 31.341731 seconds.
  path: Assets/Sprite/group
  artifactKey: Guid(a30bd737de397ca4ca33dc6e18bbbdb6) Importer(815301076,1909f56bfc062723c751e8b465ee728b)
Start importing Assets/Sprite/group using Guid(a30bd737de397ca4ca33dc6e18bbbdb6) Importer(815301076,1909f56bfc062723c751e8b465ee728b)  -> (artifact id: 'aa35ebd2b1c39a1938cb44895a35ca08') in 0.005555 seconds 
========================================================================
Received Import Request.
  Time since last request: 1.114484 seconds.
  path: Assets/Sprite/group/2x
  artifactKey: Guid(7b437d9f86acf7f4f8a7cf2a0f26dab8) Importer(815301076,1909f56bfc062723c751e8b465ee728b)
Start importing Assets/Sprite/group/2x using Guid(7b437d9f86acf7f4f8a7cf2a0f26dab8) Importer(815301076,1909f56bfc062723c751e8b465ee728b)  -> (artifact id: 'b5032f97448e54563740b2bacd07a279') in 0.012588 seconds 
========================================================================
Received Import Request.
  Time since last request: 5.764632 seconds.
  path: Assets/Sprite/group/2x/baseline_group_white_48dp.png
  artifactKey: Guid(b22813087fa396b43907da90cffe8dfb) Importer(815301076,1909f56bfc062723c751e8b465ee728b)
Start importing Assets/Sprite/group/2x/baseline_group_white_48dp.png using Guid(b22813087fa396b43907da90cffe8dfb) Importer(815301076,1909f56bfc062723c751e8b465ee728b)  -> (artifact id: '2f3b4fc3b253b66b3739fc975c703555') in 0.024195 seconds 
========================================================================
Received Import Request.
  Time since last request: 3.965471 seconds.
  path: Assets/Sprite/group/2x/baseline_group_white_48dp.png
  artifactKey: Guid(b22813087fa396b43907da90cffe8dfb) Importer(815301076,1909f56bfc062723c751e8b465ee728b)
Start importing Assets/Sprite/group/2x/baseline_group_white_48dp.png using Guid(b22813087fa396b43907da90cffe8dfb) Importer(815301076,1909f56bfc062723c751e8b465ee728b)  -> (artifact id: 'adbac5ac5fc97c87d947efd218ea5297') in 0.022210 seconds 
========================================================================
Received Import Request.
  Time since last request: 162.610242 seconds.
  path: Assets/Sprite/Play
  artifactKey: Guid(29d3de2fb8af4424a81f8c79cb407def) Importer(815301076,1909f56bfc062723c751e8b465ee728b)
Start importing Assets/Sprite/Play using Guid(29d3de2fb8af4424a81f8c79cb407def) Importer(815301076,1909f56bfc062723c751e8b465ee728b)  -> (artifact id: '29008f0d5a82fb1d5009e5abc1ed7e40') in 0.014594 seconds 
========================================================================
Received Import Request.
  Time since last request: 2.072575 seconds.
  path: Assets/Sprite/Play/1x
  artifactKey: Guid(0984ab7c27cff064cab72888d176ef90) Importer(815301076,1909f56bfc062723c751e8b465ee728b)
Start importing Assets/Sprite/Play/1x using Guid(0984ab7c27cff064cab72888d176ef90) Importer(815301076,1909f56bfc062723c751e8b465ee728b)  -> (artifact id: '5565796c1d2dedf34dbe5a41e0782e3e') in 0.011921 seconds 
========================================================================
Received Import Request.
  Time since last request: 1.010007 seconds.
  path: Assets/Sprite/Play/1x/baseline_play_circle_filled_white_48dp.png
  artifactKey: Guid(89d952b0bdaa6c840bf87c2f21c0f7d4) Importer(815301076,1909f56bfc062723c751e8b465ee728b)
Start importing Assets/Sprite/Play/1x/baseline_play_circle_filled_white_48dp.png using Guid(89d952b0bdaa6c840bf87c2f21c0f7d4) Importer(815301076,1909f56bfc062723c751e8b465ee728b)  -> (artifact id: 'bd73782e216dd829f1ef1dfbf077012e') in 0.022381 seconds 
========================================================================
Received Import Request.
  Time since last request: 5.846384 seconds.
  path: Assets/Sprite/Play/1x/baseline_play_circle_filled_white_48dp.png
  artifactKey: Guid(89d952b0bdaa6c840bf87c2f21c0f7d4) Importer(815301076,1909f56bfc062723c751e8b465ee728b)
Start importing Assets/Sprite/Play/1x/baseline_play_circle_filled_white_48dp.png using Guid(89d952b0bdaa6c840bf87c2f21c0f7d4) Importer(815301076,1909f56bfc062723c751e8b465ee728b)  -> (artifact id: '604792d005a7dc07b6eb1b7ea8e842ac') in 0.021930 seconds 
========================================================================
Received Import Request.
  Time since last request: 23.794349 seconds.
  path: Assets/Sprite/Foward
  artifactKey: Guid(d679101ccbc48eb4aab361fd3b8f4d0f) Importer(815301076,1909f56bfc062723c751e8b465ee728b)
Start importing Assets/Sprite/Foward using Guid(d679101ccbc48eb4aab361fd3b8f4d0f) Importer(815301076,1909f56bfc062723c751e8b465ee728b)  -> (artifact id: '9cbf2a7fbac435b43bfa66a49f9550e6') in 0.005838 seconds 
========================================================================
Received Import Request.
  Time since last request: 0.955892 seconds.
  path: Assets/Sprite/Foward/2x
  artifactKey: Guid(92dfb3d105255bc4d9ccd5e689896594) Importer(815301076,1909f56bfc062723c751e8b465ee728b)
Start importing Assets/Sprite/Foward/2x using Guid(92dfb3d105255bc4d9ccd5e689896594) Importer(815301076,1909f56bfc062723c751e8b465ee728b)  -> (artifact id: 'edf7bda0b42a855fd30335207a16934e') in 0.004761 seconds 
========================================================================
Received Import Request.
  Time since last request: 0.543922 seconds.
  path: Assets/Sprite/Foward/2x/baseline_fast_forward_white_48dp.png
  artifactKey: Guid(1865cc25270144a4aacda92ed51702c3) Importer(815301076,1909f56bfc062723c751e8b465ee728b)
Start importing Assets/Sprite/Foward/2x/baseline_fast_forward_white_48dp.png using Guid(1865cc25270144a4aacda92ed51702c3) Importer(815301076,1909f56bfc062723c751e8b465ee728b)  -> (artifact id: '66c0fd5c588e3d8f8fdcff502416ffc8') in 0.023047 seconds 
========================================================================
Received Import Request.
  Time since last request: 2.677224 seconds.
  path: Assets/Sprite/Foward/2x/baseline_fast_forward_white_48dp.png
  artifactKey: Guid(1865cc25270144a4aacda92ed51702c3) Importer(815301076,1909f56bfc062723c751e8b465ee728b)
Start importing Assets/Sprite/Foward/2x/baseline_fast_forward_white_48dp.png using Guid(1865cc25270144a4aacda92ed51702c3) Importer(815301076,1909f56bfc062723c751e8b465ee728b)  -> (artifact id: 'ee018bfd80708a932b0d30bfff48b8c6') in 0.019752 seconds 
========================================================================
Received Import Request.
  Time since last request: 10.835514 seconds.
  path: Assets/Sprite/Rewind
  artifactKey: Guid(64a9cdfbd8c22b04186398d2d3a81b5a) Importer(815301076,1909f56bfc062723c751e8b465ee728b)
Start importing Assets/Sprite/Rewind using Guid(64a9cdfbd8c22b04186398d2d3a81b5a) Importer(815301076,1909f56bfc062723c751e8b465ee728b)  -> (artifact id: 'aef07dbe325b9270f6fc11faf2c08c5f') in 0.005738 seconds 
========================================================================
Received Import Request.
  Time since last request: 0.770467 seconds.
  path: Assets/Sprite/Rewind/2x
  artifactKey: Guid(1bf5a3f8a29cf2649884c9a3f4e0a0d4) Importer(815301076,1909f56bfc062723c751e8b465ee728b)
Start importing Assets/Sprite/Rewind/2x using Guid(1bf5a3f8a29cf2649884c9a3f4e0a0d4) Importer(815301076,1909f56bfc062723c751e8b465ee728b)  -> (artifact id: 'ef6f413b09a9154b710e6838de0607d6') in 0.005041 seconds 
========================================================================
Received Import Request.
  Time since last request: 1.684915 seconds.
  path: Assets/Sprite/Rewind/2x/baseline_fast_rewind_white_48dp.png
  artifactKey: Guid(72e62ed93d98b694e97bf4e22e4ca82e) Importer(815301076,1909f56bfc062723c751e8b465ee728b)
Start importing Assets/Sprite/Rewind/2x/baseline_fast_rewind_white_48dp.png using Guid(72e62ed93d98b694e97bf4e22e4ca82e) Importer(815301076,1909f56bfc062723c751e8b465ee728b)  -> (artifact id: '9c529896ce996ced3ceb49e855863f1a') in 0.020919 seconds 
========================================================================
Received Import Request.
  Time since last request: 3.352025 seconds.
  path: Assets/Sprite/Rewind/2x/baseline_fast_rewind_white_48dp.png
  artifactKey: Guid(72e62ed93d98b694e97bf4e22e4ca82e) Importer(815301076,1909f56bfc062723c751e8b465ee728b)
Start importing Assets/Sprite/Rewind/2x/baseline_fast_rewind_white_48dp.png using Guid(72e62ed93d98b694e97bf4e22e4ca82e) Importer(815301076,1909f56bfc062723c751e8b465ee728b)  -> (artifact id: '5b7aea6eb958faac57ace47c22a530bb') in 0.023454 seconds 
========================================================================
Received Import Request.
  Time since last request: 615.661491 seconds.
  path: Assets/Sprite/Plus
  artifactKey: Guid(ace6cdca980a22145a640fcf75de80e7) Importer(815301076,1909f56bfc062723c751e8b465ee728b)
Start importing Assets/Sprite/Plus using Guid(ace6cdca980a22145a640fcf75de80e7) Importer(815301076,1909f56bfc062723c751e8b465ee728b)  -> (artifact id: '4c57e13d421e9e7a9965befa673c1b43') in 0.013433 seconds 
========================================================================
Received Import Request.
  Time since last request: 0.818826 seconds.
  path: Assets/Sprite/Plus/2x
  artifactKey: Guid(dc618ba36b3b2e7439377722e8d1408b) Importer(815301076,1909f56bfc062723c751e8b465ee728b)
Start importing Assets/Sprite/Plus/2x using Guid(dc618ba36b3b2e7439377722e8d1408b) Importer(815301076,1909f56bfc062723c751e8b465ee728b)  -> (artifact id: '6b8ca3de994a20b61fb6f51f79c91d4c') in 0.004525 seconds 
========================================================================
Received Import Request.
  Time since last request: 0.936558 seconds.
  path: Assets/Sprite/Plus/2x/baseline_add_circle_white_48dp.png
  artifactKey: Guid(6e0f0971d05b54b4985383372442f02b) Importer(815301076,1909f56bfc062723c751e8b465ee728b)
Start importing Assets/Sprite/Plus/2x/baseline_add_circle_white_48dp.png using Guid(6e0f0971d05b54b4985383372442f02b) Importer(815301076,1909f56bfc062723c751e8b465ee728b)  -> (artifact id: 'f859cc23abdaa5d529004e24c7c1e3ab') in 0.024573 seconds 
========================================================================
Received Import Request.
  Time since last request: 3.509837 seconds.
  path: Assets/Sprite/Plus/2x/baseline_add_circle_white_48dp.png
  artifactKey: Guid(6e0f0971d05b54b4985383372442f02b) Importer(815301076,1909f56bfc062723c751e8b465ee728b)
Start importing Assets/Sprite/Plus/2x/baseline_add_circle_white_48dp.png using Guid(6e0f0971d05b54b4985383372442f02b) Importer(815301076,1909f56bfc062723c751e8b465ee728b)  -> (artifact id: 'ac6fd13d33c2f705aa711b24bf5c5d08') in 0.023191 seconds 
========================================================================
Received Import Request.
  Time since last request: 5.213465 seconds.
  path: Assets/Sprite/Minus
  artifactKey: Guid(35dabe336a408d140a6b3bed316e4b09) Importer(815301076,1909f56bfc062723c751e8b465ee728b)
Start importing Assets/Sprite/Minus using Guid(35dabe336a408d140a6b3bed316e4b09) Importer(815301076,1909f56bfc062723c751e8b465ee728b)  -> (artifact id: 'fb45f4a15eac570a1986b1c613572ca6') in 0.017410 seconds 
========================================================================
Received Import Request.
  Time since last request: 0.781075 seconds.
  path: Assets/Sprite/Minus/2x
  artifactKey: Guid(f4653fc31d511f74ea76f3e4706e778a) Importer(815301076,1909f56bfc062723c751e8b465ee728b)
Start importing Assets/Sprite/Minus/2x using Guid(f4653fc31d511f74ea76f3e4706e778a) Importer(815301076,1909f56bfc062723c751e8b465ee728b)  -> (artifact id: 'b844103f5128ff4e052deb5e4ddb4e88') in 0.004520 seconds 
========================================================================
Received Import Request.
  Time since last request: 1.740261 seconds.
  path: Assets/Sprite/Minus/2x/baseline_remove_circle_white_48dp.png
  artifactKey: Guid(e117d0bfdecd36d40a437a7c41c5c20a) Importer(815301076,1909f56bfc062723c751e8b465ee728b)
Start importing Assets/Sprite/Minus/2x/baseline_remove_circle_white_48dp.png using Guid(e117d0bfdecd36d40a437a7c41c5c20a) Importer(815301076,1909f56bfc062723c751e8b465ee728b)  -> (artifact id: '63d03ad23caeca59a093269691f2ba58') in 0.028490 seconds 
========================================================================
Received Import Request.
  Time since last request: 3.388232 seconds.
  path: Assets/Sprite/Minus/2x/baseline_remove_circle_white_48dp.png
  artifactKey: Guid(e117d0bfdecd36d40a437a7c41c5c20a) Importer(815301076,1909f56bfc062723c751e8b465ee728b)
Start importing Assets/Sprite/Minus/2x/baseline_remove_circle_white_48dp.png using Guid(e117d0bfdecd36d40a437a7c41c5c20a) Importer(815301076,1909f56bfc062723c751e8b465ee728b)  -> (artifact id: '99665402936b97f0c3d68203f10d48cd') in 0.023224 seconds 
========================================================================
Received Import Request.
  Time since last request: 102.121124 seconds.
  path: Assets/Sprite/Back
  artifactKey: Guid(c1f2ccfad7cb9074dae7c94e8a02a3e1) Importer(815301076,1909f56bfc062723c751e8b465ee728b)
Start importing Assets/Sprite/Back using Guid(c1f2ccfad7cb9074dae7c94e8a02a3e1) Importer(815301076,1909f56bfc062723c751e8b465ee728b)  -> (artifact id: '6f855997d5e8b508b45da95ed40c8851') in 0.013450 seconds 
========================================================================
Received Import Request.
  Time since last request: 0.864191 seconds.
  path: Assets/Sprite/Back/1x
  artifactKey: Guid(30e6f233156ebe2438b4c02c67f186f0) Importer(815301076,1909f56bfc062723c751e8b465ee728b)
Start importing Assets/Sprite/Back/1x using Guid(30e6f233156ebe2438b4c02c67f186f0) Importer(815301076,1909f56bfc062723c751e8b465ee728b)  -> (artifact id: '7a1d830d5d61247e780fd9585d953ff2') in 0.005433 seconds 
========================================================================
Received Import Request.
  Time since last request: 1.678129 seconds.
  path: Assets/Sprite/Back/2x
  artifactKey: Guid(3ba3eb9598cf9474f89cec1da5ef5ec0) Importer(815301076,1909f56bfc062723c751e8b465ee728b)
Start importing Assets/Sprite/Back/2x using Guid(3ba3eb9598cf9474f89cec1da5ef5ec0) Importer(815301076,1909f56bfc062723c751e8b465ee728b)  -> (artifact id: '5e619f0f50edc94fa613c5c5e69da9fa') in 0.005124 seconds 
========================================================================
Received Import Request.
  Time since last request: 0.542265 seconds.
  path: Assets/Sprite/Back/2x/baseline_arrow_back_white_48dp.png
  artifactKey: Guid(9761f5b4b8679134495f63013f4cad29) Importer(815301076,1909f56bfc062723c751e8b465ee728b)
Start importing Assets/Sprite/Back/2x/baseline_arrow_back_white_48dp.png using Guid(9761f5b4b8679134495f63013f4cad29) Importer(815301076,1909f56bfc062723c751e8b465ee728b)  -> (artifact id: 'f86ce711dc9f06a4fb830e41c1f75b5a') in 0.020557 seconds 
========================================================================
Received Import Request.
  Time since last request: 2.720309 seconds.
  path: Assets/Sprite/Back/2x/baseline_arrow_back_white_48dp.png
  artifactKey: Guid(9761f5b4b8679134495f63013f4cad29) Importer(815301076,1909f56bfc062723c751e8b465ee728b)
Start importing Assets/Sprite/Back/2x/baseline_arrow_back_white_48dp.png using Guid(9761f5b4b8679134495f63013f4cad29) Importer(815301076,1909f56bfc062723c751e8b465ee728b)  -> (artifact id: '74df11638536488a63131bad6334e021') in 0.021066 seconds 
========================================================================
Received Import Request.
  Time since last request: 499.151997 seconds.
  path: Assets/Scenes/MainScene.unity
  artifactKey: Guid(f3588e4ef2b1fb64486b5047cc94fcfb) Importer(815301076,1909f56bfc062723c751e8b465ee728b)
Start importing Assets/Scenes/MainScene.unity using Guid(f3588e4ef2b1fb64486b5047cc94fcfb) Importer(815301076,1909f56bfc062723c751e8b465ee728b)  -> (artifact id: '112eaaf37a39a498e48c2649354f2011') in 0.014020 seconds 
========================================================================
Received Import Request.
  Time since last request: 2.881826 seconds.
  path: Assets/Scenes/TimerScene.unity
  artifactKey: Guid(2fcf05c2da85f2d4883afdaff07e682b) Importer(815301076,1909f56bfc062723c751e8b465ee728b)
Start importing Assets/Scenes/TimerScene.unity using Guid(2fcf05c2da85f2d4883afdaff07e682b) Importer(815301076,1909f56bfc062723c751e8b465ee728b)  -> (artifact id: '5b8e748f1e7a1243d1ea58233812e773') in 0.015179 seconds 
========================================================================
Received Import Request.
  Time since last request: 624.732420 seconds.
  path: Assets/Scenes/MainScene.unity
  artifactKey: Guid(f3588e4ef2b1fb64486b5047cc94fcfb) Importer(815301076,1909f56bfc062723c751e8b465ee728b)
Start importing Assets/Scenes/MainScene.unity using Guid(f3588e4ef2b1fb64486b5047cc94fcfb) Importer(815301076,1909f56bfc062723c751e8b465ee728b)  -> (artifact id: '4d787f55b0198d51919c9393f8e87acb') in 0.003514 seconds 
========================================================================
Received Import Request.
  Time since last request: 76.678815 seconds.
  path: Assets/Scenes/SettingScene.unity
  artifactKey: Guid(fbab162505db2ea449f44201517d67fe) Importer(815301076,1909f56bfc062723c751e8b465ee728b)
Start importing Assets/Scenes/SettingScene.unity using Guid(fbab162505db2ea449f44201517d67fe) Importer(815301076,1909f56bfc062723c751e8b465ee728b)  -> (artifact id: 'f2fba8c99dc6647089eb2dbefb351ced') in 0.008102 seconds 
========================================================================
Received Import Request.
  Time since last request: 2.520369 seconds.
  path: Assets/Scenes/SampleScene.unity
  artifactKey: Guid(9fc0d4010bbf28b4594072e72b8655ab) Importer(815301076,1909f56bfc062723c751e8b465ee728b)
Start importing Assets/Scenes/SampleScene.unity using Guid(9fc0d4010bbf28b4594072e72b8655ab) Importer(815301076,1909f56bfc062723c751e8b465ee728b)  -> (artifact id: '94c55409359c0051422e58de30b0573d') in 0.015732 seconds 
========================================================================
Received Import Request.
  Time since last request: 2.498945 seconds.
  path: Assets/Scenes/MainScene.unity
  artifactKey: Guid(f3588e4ef2b1fb64486b5047cc94fcfb) Importer(815301076,1909f56bfc062723c751e8b465ee728b)
Start importing Assets/Scenes/MainScene.unity using Guid(f3588e4ef2b1fb64486b5047cc94fcfb) Importer(815301076,1909f56bfc062723c751e8b465ee728b)  -> (artifact id: 'dc482b13159339e42d4318d975fa0ad2') in 0.003324 seconds 
========================================================================
Received Import Request.
  Time since last request: 162.561040 seconds.
  path: Assets/BMJUA_ttf.ttf
  artifactKey: Guid(d14b84557ef81ad4ea7b16180cb8151e) Importer(815301076,1909f56bfc062723c751e8b465ee728b)
Start importing Assets/BMJUA_ttf.ttf using Guid(d14b84557ef81ad4ea7b16180cb8151e) Importer(815301076,1909f56bfc062723c751e8b465ee728b)  -> (artifact id: '6304b2e2bb511c35ea3ac18c256aa3b7') in 0.026195 seconds 
========================================================================
Received Prepare
Registering precompiled user dll's ...
Registered in 0.003527 seconds.
Begin MonoManager ReloadAssembly
Symbol file LoadedFromMemory doesn't match image C:\DDE_WorkSpace\Holpang_Timer\Holpang_Timer\Library\PackageCache\com.unity.collab-proxy@1.15.15\Lib\Editor\PlasticSCM\unityplastic.dll
Native extension for WindowsStandalone target not found
Refreshing native plugins compatible for Editor in 0.41 ms, found 2 plugins.
Preloading 0 native plugins for Editor in 0.00 ms.
Mono: successfully reloaded assembly
- Completed reload, in  1.053 seconds
Domain Reload Profiling:
	ReloadAssembly (1056ms)
		BeginReloadAssembly (213ms)
			ExecutionOrderSort (0ms)
			DisableScriptedObjects (12ms)
			BackupInstance (0ms)
			ReleaseScriptingObjects (0ms)
			CreateAndSetChildDomain (85ms)
		EndReloadAssembly (781ms)
			LoadAssemblies (122ms)
			RebuildTransferFunctionScriptingTraits (0ms)
			SetupTypeCache (262ms)
			ReleaseScriptCaches (1ms)
			RebuildScriptCaches (39ms)
			SetupLoadedEditorAssemblies (282ms)
				LogAssemblyErrors (0ms)
				InitializePlatformSupportModulesInManaged (6ms)
				SetLoadedEditorAssemblies (1ms)
				RefreshPlugins (0ms)
				BeforeProcessingInitializeOnLoad (88ms)
				ProcessInitializeOnLoadAttributes (170ms)
				ProcessInitializeOnLoadMethodAttributes (8ms)
				AfterProcessingInitializeOnLoad (8ms)
				EditorAssembliesLoaded (0ms)
			ExecutionOrderSort2 (0ms)
			AwakeInstancesAfterBackupRestoration (6ms)
Platform modules already initialized, skipping
Switching build target platform(19) subTarget(0) extendedPlatform(0) -> platform(13) subTarget(537395200) extendedPlatform(0)
Refreshing native plugins compatible for Editor in 0.36 ms, found 2 plugins.
Preloading 0 native plugins for Editor in 0.00 ms.
Unloading 1506 Unused Serialized files (Serialized files now loaded: 0)
System memory in use before: 72.0 MB.
System memory in use after: 72.1 MB.

Unloading 11 unused Assets to reduce memory usage. Loaded Objects now: 2007.
Total: 2.850700 ms (FindLiveObjects: 0.162800 ms CreateObjectMapping: 0.034000 ms MarkObjects: 2.626500 ms  DeleteObjects: 0.026500 ms)

AssetImportParameters requested are different than current active one (requested -> active):
  custom:framework-win-MediaFoundation: 216162199b28c13a410421893ffa2e32 -> 
  custom:video-decoder-ogg-theora: a1e56fd34408186e4bbccfd4996cb3dc -> 
  custom:container-muxer-webm: aa71ff27fc2769a1b78a27578f13a17b -> 
  custom:container-demuxer-webm: 4f35f7cbe854078d1ac9338744f61a02 -> 
  custom:container-demuxer-ogg: 62fdf1f143b41e24485cea50d1cbac27 -> 
  custom:video-encoder-webm-vp8: eb34c28f22e8b96e1ab97ce403110664 -> 
  custom:video-decoder-webm-vp8: 9c59270c3fd7afecdb556c50c9e8de78 -> 
  custom:graphics/normal-map-encoding: 01000000000000000000000000000000 -> 02000000000000000000000000000000
  custom:audio-decoder-ogg-vorbis: bf7c407c2cedff20999df2af8eb42d56 -> 
  custom:audio-encoder-webm-vorbis: bf7c407c2cedff20999df2af8eb42d56 -> 
========================================================================
Received Import Request.
  Time since last request: 990.140922 seconds.
  path: Assets/Scenes/SettingScene.unity
  artifactKey: Guid(fbab162505db2ea449f44201517d67fe) Importer(815301076,1909f56bfc062723c751e8b465ee728b)
Start importing Assets/Scenes/SettingScene.unity using Guid(fbab162505db2ea449f44201517d67fe) Importer(815301076,1909f56bfc062723c751e8b465ee728b)  -> (artifact id: '595f7b8c41aee31dd21f22d103695124') in 0.012058 seconds 
========================================================================
Received Import Request.
  Time since last request: 11.796427 seconds.
  path: Assets/Scenes/NewGameScene.unity
  artifactKey: Guid(fbab162505db2ea449f44201517d67fe) Importer(815301076,1909f56bfc062723c751e8b465ee728b)
Start importing Assets/Scenes/NewGameScene.unity using Guid(fbab162505db2ea449f44201517d67fe) Importer(815301076,1909f56bfc062723c751e8b465ee728b)  -> (artifact id: '830898d3ff4842537c12c25242835f42') in 0.008439 seconds 
========================================================================
Received Import Request.
  Time since last request: 59.807652 seconds.
  path: Assets/Scenes/TimerScene.unity
  artifactKey: Guid(2fcf05c2da85f2d4883afdaff07e682b) Importer(815301076,1909f56bfc062723c751e8b465ee728b)
Start importing Assets/Scenes/TimerScene.unity using Guid(2fcf05c2da85f2d4883afdaff07e682b) Importer(815301076,1909f56bfc062723c751e8b465ee728b)  -> (artifact id: '073efb0883faf0b52846f2a202394225') in 0.003864 seconds 
========================================================================
Received Import Request.
  Time since last request: 23.093287 seconds.
  path: Assets/Scenes/PlayingGameListScene.unity
  artifactKey: Guid(8dc1add3a0038094ba4754be2a928422) Importer(815301076,1909f56bfc062723c751e8b465ee728b)
Start importing Assets/Scenes/PlayingGameListScene.unity using Guid(8dc1add3a0038094ba4754be2a928422) Importer(815301076,1909f56bfc062723c751e8b465ee728b)  -> (artifact id: 'b43a5ad6dd75b75d485af3e1baac3abe') in 0.012618 seconds 
========================================================================
Received Import Request.
  Time since last request: 813.493405 seconds.
  path: Assets/Scenes/PlayingGameListScene.unity
  artifactKey: Guid(8dc1add3a0038094ba4754be2a928422) Importer(815301076,1909f56bfc062723c751e8b465ee728b)
Start importing Assets/Scenes/PlayingGameListScene.unity using Guid(8dc1add3a0038094ba4754be2a928422) Importer(815301076,1909f56bfc062723c751e8b465ee728b)  -> (artifact id: '38233b2533df6f8f73c6942ef0f9fd5d') in 0.003268 seconds 
========================================================================
Received Import Request.
  Time since last request: 12.666660 seconds.
  path: Assets/Scenes/SettingScene.unity
  artifactKey: Guid(88a63074a1fb76a4d98e6b0ade0bdb19) Importer(815301076,1909f56bfc062723c751e8b465ee728b)
Start importing Assets/Scenes/SettingScene.unity using Guid(88a63074a1fb76a4d98e6b0ade0bdb19) Importer(815301076,1909f56bfc062723c751e8b465ee728b)  -> (artifact id: '024bf2c6cedece8361fb771c885a03dd') in 0.003153 seconds 
AssetImportWorkerClient::OnTransportError - code=2 error=End of file
